2020-06-16 15:39:43.123 [main] DEBUG com.imooc.o2o.dao.ShopDao.insertShop -     ==>  Preparing: INSERT INTO tb_shop(owner_id,area_id,shop_category_id,parent_category_id, shop_name,shop_desc,shop_addr,phone,shop_img, longitude,latitude,create_time,last_edit_time, enable_status,advice) VALUES (?,?,?,?, ?,?,?,?,?, ?,?,?,?, ?,?) 
2020-06-16 15:47:07.241 [main] DEBUG com.imooc.o2o.dao.ShopDao.insertShop -     ==>  Preparing: INSERT INTO tb_shop(owner_id,area_id,shop_category_id,parent_category_id, shop_name,shop_desc,shop_addr,phone,shop_img, longitude,latitude,create_time,last_edit_time, enable_status,advice) VALUES (?,?,?, ?,?,?,?,?, ?,?,?,?, ?,?) 
2020-06-16 15:47:07.310 [main] DEBUG com.imooc.o2o.dao.ShopDao.insertShop -     ==> Parameters: 1(Long), 1(Long), 1(Long), mytest1(String), mytest1(String), testaddr1(String), 13810524526(String), test1(String), 1.0(Double), 1.0(Double), 2020-06-16 15:47:06.692(Timestamp), 2020-06-16 15:47:06.692(Timestamp), 0(Integer), 审核中(String)
2020-06-16 15:47:29.680 [main] DEBUG com.imooc.o2o.dao.ShopDao.insertShop -     ==>  Preparing: INSERT INTO tb_shop(owner_id,area_id,shop_category_id,parent_category_id, shop_name,shop_desc,shop_addr,phone,shop_img, longitude,latitude,create_time,last_edit_time, enable_status,advice) VALUES (?,?,?, ?,?,?,?,?, ?,?,?,?, ?,?) 
2020-06-16 15:47:29.756 [main] DEBUG com.imooc.o2o.dao.ShopDao.insertShop -     ==> Parameters: 1(Long), 1(Long), 1(Long), mytest1(String), mytest1(String), testaddr1(String), 13810524526(String), test1(String), 1.0(Double), 1.0(Double), 2020-06-16 15:47:29.155(Timestamp), 2020-06-16 15:47:29.155(Timestamp), 0(Integer), 审核中(String)
2020-06-16 15:47:55.641 [main] DEBUG com.imooc.o2o.dao.ShopDao.insertShop -     ==>  Preparing: INSERT INTO tb_shop(owner_id,area_id,shop_category_id, shop_name,shop_desc,shop_addr,phone,shop_img, longitude,latitude,create_time,last_edit_time, enable_status,advice) VALUES (?,?,?, ?,?,?,?,?, ?,?,?,?, ?,?) 
2020-06-16 15:47:55.727 [main] DEBUG com.imooc.o2o.dao.ShopDao.insertShop -     ==> Parameters: 1(Long), 1(Long), 1(Long), mytest1(String), mytest1(String), testaddr1(String), 13810524526(String), test1(String), 1.0(Double), 1.0(Double), 2020-06-16 15:47:55.155(Timestamp), 2020-06-16 15:47:55.155(Timestamp), 0(Integer), 审核中(String)
2020-06-16 15:50:39.576 [main] DEBUG com.imooc.o2o.dao.ShopDao.insertShop -     ==>  Preparing: INSERT INTO tb_shop(owner_id,area_id,shop_category_id, shop_name,shop_desc,shop_addr,phone,shop_img, priority,create_time,last_edit_time, enable_status,advice) VALUES (?,?,?, ?,?,?,?,?, ?,?,?, ?,?) 
2020-06-16 15:50:39.653 [main] DEBUG com.imooc.o2o.dao.ShopDao.insertShop -     ==> Parameters: 1(Long), 1(Long), 1(Long), mytest1(String), mytest1(String), testaddr1(String), 13810524526(String), test1(String), null, 2020-06-16 15:50:39.129(Timestamp), 2020-06-16 15:50:39.129(Timestamp), 0(Integer), 审核中(String)
2020-06-16 15:54:09.883 [main] DEBUG com.imooc.o2o.dao.ShopDao.insertShop -     ==>  Preparing: INSERT INTO tb_shop(owner_id,area_id,shop_category_id,parent_category_id, shop_name,shop_desc,shop_addr,phone,shop_img, longitude,latitude,create_time,last_edit_time, enable_status,advice) VALUES (?,?,?,?, ?,?,?,?,?, ?,?,?,?, ?,?) 
2020-06-16 15:59:02.422 [main] DEBUG com.imooc.o2o.dao.ShopDao.insertShop -     ==>  Preparing: INSERT INTO tb_shop(owner_id,area_id,shop_category_id,parent_category_id, shop_name,shop_desc,shop_addr,phone,shop_img, longitude,latitude,create_time,last_edit_time, enable_status,advice) VALUES (?,?,?,?, ?,?,?,?,?, ?,?,?,?, ?,?) 
2020-06-16 15:59:02.510 [main] DEBUG com.imooc.o2o.dao.ShopDao.insertShop -     ==> Parameters: 1(Long), 1(Long), 1(Long), 1(Long), mytest1(String), mytest1(String), testaddr1(String), 13810524526(String), test1(String), 1.0(Double), 1.0(Double), 2020-06-16 15:59:01.894(Timestamp), 2020-06-16 15:59:01.894(Timestamp), 0(Integer), 审核中(String)
2020-06-16 16:06:52.476 [main] DEBUG com.imooc.o2o.dao.ShopDao.insertShop -     ==>  Preparing: INSERT INTO tb_shop(owner_id,area_id,shop_category_id, shop_name,shop_desc,shop_addr,phone,shop_img, priority,create_time,last_edit_time, enable_status,advice) VALUES (?,?,?, ?,?,?,?,?, ?,?,?, ?,?) 
2020-06-16 16:06:52.541 [main] DEBUG com.imooc.o2o.dao.ShopDao.insertShop -     ==> Parameters: null, 2(Integer), 1(Long), mytest1(String), mytest1(String), testaddr1(String), 13810524526(String), test1(String), null, 2020-06-16 16:06:51.971(Timestamp), null, 1(Integer), 审核中(String)
2020-06-16 16:09:10.082 [main] DEBUG com.imooc.o2o.dao.ShopDao.insertShop -     ==>  Preparing: INSERT INTO tb_shop(owner_id,area_id,shop_category_id, shop_name,shop_desc,shop_addr,phone,shop_img, priority,create_time,last_edit_time, enable_status,advice) VALUES (?,?,?, ?,?,?,?,?, ?,?,?, ?,?) 
2020-06-16 16:09:10.165 [main] DEBUG com.imooc.o2o.dao.ShopDao.insertShop -     ==> Parameters: 1(Long), 2(Integer), 1(Long), mytest1(String), mytest1(String), testaddr1(String), 13810524526(String), test1(String), null, 2020-06-16 16:09:09.5(Timestamp), null, 1(Integer), 审核中(String)
2020-06-16 16:23:14.331 [main] DEBUG com.imooc.o2o.dao.ShopDao.insertShop -     ==>  Preparing: INSERT INTO tb_shop(owner_id, area_id, shop_category_id, shop_name, shop_desc, shop_addr, phone, shop_img, priority, create_time, last_edit_time, enable_status, advice) VALUES(?, ?, ?, ?, ?, ?, ?, ?, ?, ?, ?, ?, ?) 
2020-06-16 16:23:14.407 [main] DEBUG com.imooc.o2o.dao.ShopDao.insertShop -     ==> Parameters: 1(Long), 2(Integer), 1(Long), mytest1(String), mytest1(String), testaddr1(String), 13810524526(String), test1(String), null, 2020-06-16 16:23:13.837(Timestamp), null, 1(Integer), 审核中(String)
2020-06-16 16:40:18.229 [main] DEBUG com.imooc.o2o.dao.ShopDao.insertShop -     ==>  Preparing: INSERT INTO tb_shop(owner_id, area_id, shop_category_id, shop_name, shop_desc, shop_addr, phone, shop_img, priority, create_time, last_edit_time, enable_status, advice) VALUES(?, ?, ?, ?, ?, ?, ?, ?, ?, ?, ?, ?, ?) 
2020-06-16 16:40:18.304 [main] DEBUG com.imooc.o2o.dao.ShopDao.insertShop -     ==> Parameters: 1(Long), 2(Integer), 1(Long), mytest1(String), mytest1(String), testaddr1(String), 13810524526(String), test1(String), null, 2020-06-16 16:40:17.576(Timestamp), null, 1(Integer), 审核中(String)
2020-06-16 16:41:07.626 [main] DEBUG com.imooc.o2o.dao.ShopDao.insertShop -     ==>  Preparing: INSERT INTO tb_shop(owner_id, area_id, shop_category_id, shop_name, shop_desc, shop_addr, phone, shop_img, priority, create_time, last_edit_time, enable_status, advice) VALUES(?, ?, ?, ?, ?, ?, ?, ?, ?, ?, ?, ?, ?) 
2020-06-16 16:41:07.688 [main] DEBUG com.imooc.o2o.dao.ShopDao.insertShop -     ==> Parameters: 1(Long), 2(Integer), 1(Long), mytest1(String), mytest1(String), testaddr1(String), 13810524526(String), test1(String), null, 2020-06-16 16:41:06.948(Timestamp), null, 1(Integer), 审核中(String)
2020-06-16 16:47:17.562 [main] DEBUG com.imooc.o2o.dao.ShopDao.insertShop -     ==>  Preparing: INSERT INTO tb_shop(owner_id, area_id, shop_category_id, shop_name, shop_desc, shop_addr, phone, shop_img, priority, create_time, last_edit_time, enable_status, advice) VALUES(?, ?, ?, ?, ?, ?, ?, ?, ?, ?, ?, ?, ?) 
2020-06-16 16:47:17.638 [main] DEBUG com.imooc.o2o.dao.ShopDao.insertShop -     ==> Parameters: 1(Long), 2(Integer), 1(Long), mytest1(String), mytest1(String), testaddr1(String), 13810524526(String), test1(String), null, 2020-06-16 16:47:16.999(Timestamp), null, 1(Integer), 审核中(String)
2020-06-16 17:12:24.632 [main] DEBUG com.imooc.o2o.dao.ShopDao.insertShop -     ==>  Preparing: insert into shop(shop_name,shop_desc,shop_address,shop_phone,shop_img,priority,advice,enable_status, create_time,last_edit_time,owner_id,shop_category_id,area_id) values (?,?,?,?,?,?,?,?, ?,?,?,?,?) 
2020-06-16 17:17:07.223 [main] DEBUG com.imooc.o2o.dao.ShopDao.insertShop -     ==>  Preparing: insert into shop(shop_name,shop_desc,shop_address,shop_phone,shop_img,priority,advice,enable_status, create_time,last_edit_time,owner_id,shop_category_id,area_id) values (?,?,?,?,?,?,?,?, ?,?,?,?,?) 
2020-06-16 17:17:07.293 [main] DEBUG com.imooc.o2o.dao.ShopDao.insertShop -     ==> Parameters: mytest1(String), mytest1(String), testaddr1(String), 13810524526(String), test1(String), null, 审核中(String), 1(Integer), 2020-06-16 17:17:06.769(Timestamp), null, 1(Long), 1(Long), 2(Integer)
2020-06-16 17:17:47.899 [main] DEBUG com.imooc.o2o.dao.ShopDao.insertShop -     ==>  Preparing: insert into t_shop(shop_name,shop_desc,shop_address,shop_phone,shop_img,priority,advice,enable_status, create_time,last_edit_time,owner_id,shop_category_id,area_id) values (?,?,?,?,?,?,?,?, ?,?,?,?,?) 
2020-06-16 17:17:47.971 [main] DEBUG com.imooc.o2o.dao.ShopDao.insertShop -     ==> Parameters: mytest1(String), mytest1(String), testaddr1(String), 13810524526(String), test1(String), null, 审核中(String), 1(Integer), 2020-06-16 17:17:47.487(Timestamp), null, 1(Long), 1(Long), 2(Integer)
2020-06-16 17:20:24.097 [main] DEBUG com.imooc.o2o.dao.ShopDao.insertShop -     ==>  Preparing: insert into t_shop(shop_name,shop_desc,shop_addr,phone,shop_img,priority,advice,enable_status, create_time,last_edit_time,owner_id,shop_category_id,area_id) values (?,?,?,?,?,?,?,?, ?,?,?,?,?) 
2020-06-16 17:20:24.217 [main] DEBUG com.imooc.o2o.dao.ShopDao.insertShop -     ==> Parameters: mytest1(String), mytest1(String), testaddr1(String), 13810524526(String), test1(String), null, 审核中(String), 1(Integer), 2020-06-16 17:20:23.622(Timestamp), null, 1(Long), 1(Long), 2(Integer)
2020-06-16 17:41:51.371 [main] DEBUG com.imooc.o2o.dao.ShopDao.insertShop -     ==>  Preparing: INSERT INTO tb_shop(owner_id,area_id,shop_category_id,parent_category_id, shop_name,shop_desc,shop_addr,phone,shop_img, longitude,latitude,create_time,last_edit_time, enable_status,advice) VALUES (?,?,?,?, ?,?,?,?,?, ?,?,?,?, ?,?) 
2020-06-16 17:41:51.424 [main] DEBUG com.imooc.o2o.dao.ShopDao.insertShop -     ==> Parameters: 1(Long), 1(Long), 1(Long), null, mytest1(String), mytest1(String), testaddr1(String), 13810524526(String), test1(String), 1.0(Double), 1.0(Double), 2020-06-16 17:41:50.775(Timestamp), 2020-06-16 17:41:50.775(Timestamp), 0(Integer), 审核中(String)
2020-06-16 17:45:11.596 [main] DEBUG com.imooc.o2o.dao.ShopDao.insertShop -     ==>  Preparing: INSERT INTO tb_shop(owner_id,area_id,shop_category_id,parent_category_id, shop_name,shop_desc,shop_addr,phone,shop_img, longitude,latitude,create_time,last_edit_time, enable_status,advice) VALUES (?,?,?,?, ?,?,?,?,?, ?,?,?,?, ?,?) 
2020-06-16 17:45:11.666 [main] DEBUG com.imooc.o2o.dao.ShopDao.insertShop -     ==> Parameters: 1(Long), 1(Long), 1(Long), null, mytest2(String), mytest2(String), testaddr2(String), 13810524522(String), test1(String), 1.0(Double), 1.0(Double), 2020-06-16 17:45:11.112(Timestamp), 2020-06-16 17:45:11.112(Timestamp), 0(Integer), 审核中1(String)
2020-06-16 17:49:44.536 [main] DEBUG com.imooc.o2o.dao.ShopDao.insertShop -     ==>  Preparing: INSERT INTO tb_shop(owner_id,area_id,shop_category_id,parent_category_id, shop_name,shop_desc,shop_addr,phone,shop_img, longitude,latitude,create_time,last_edit_time, enable_status,advice) VALUES (?,?,?,?, ?,?,?,?,?, ?,?,?,?, ?,?) 
2020-06-16 17:49:44.595 [main] DEBUG com.imooc.o2o.dao.ShopDao.insertShop -     ==> Parameters: 8(Long), 3(Long), 10(Long), null, mytest2(String), mytest2(String), testaddr2(String), 13810524522(String), test1(String), 1.0(Double), 1.0(Double), 2020-06-16 17:49:43.915(Timestamp), 2020-06-16 17:49:43.915(Timestamp), 0(Integer), 审核中1(String)
2020-06-16 17:49:44.601 [main] DEBUG com.imooc.o2o.dao.ShopDao.insertShop -     <==    Updates: 1
2020-06-17 10:28:50.198 [main] DEBUG com.imooc.o2o.dao.ShopDao.updateShop -     ==>  Preparing: update tb_shop SET shop_name=?, shop_desc=?, shop_addr=?, last_edit_time=? where shop_id=? 
2020-06-17 10:28:50.289 [main] DEBUG com.imooc.o2o.dao.ShopDao.updateShop -     ==> Parameters: ceshi(String), ceshi(String), ceshi1212(String), 2020-06-17 10:28:49.457(Timestamp), 31(Long)
2020-06-17 10:28:50.400 [main] DEBUG com.imooc.o2o.dao.ShopDao.updateShop -     <==    Updates: 1
2020-06-17 17:29:54.531 [main] DEBUG com.imooc.o2o.dao.ShopDao.insertShop -     ==>  Preparing: INSERT INTO tb_shop(owner_id,area_id,shop_category_id,parent_category_id, shop_name,shop_desc,shop_addr,phone,shop_img, longitude,latitude,create_time,last_edit_time, enable_status,advice) VALUES (?,?,?,?, ?,?,?,?,?, ?,?,?,?, ?,?) 
2020-06-17 17:29:54.704 [main] DEBUG com.imooc.o2o.dao.ShopDao.insertShop -     ==> Parameters: 8(Long), 3(Long), 10(Long), null, 测试店铺1(String), 测试店铺1(String), 测试地址1(String), 13810524522(String), null, null, null, 2020-06-17 17:29:54.377(Timestamp), 2020-06-17 17:29:54.377(Timestamp), 0(Integer), 审核中1(String)
2020-06-17 17:29:55.575 [main] DEBUG com.imooc.o2o.dao.ShopDao.insertShop -     <==    Updates: 1
2020-06-17 17:29:58.045 [main] DEBUG com.imooc.o2o.dao.ShopDao.updateShop -     ==>  Preparing: update tb_shop SET shop_name=?, shop_desc=?, shop_addr=?, phone=?, shop_img=?, last_edit_time=?, enable_status=?, advice=?, area_id=?, shop_category_id=? where shop_id=? 
2020-06-17 17:29:58.051 [main] DEBUG com.imooc.o2o.dao.ShopDao.updateShop -     ==> Parameters: 测试店铺1(String), 测试店铺1(String), 测试地址1(String), 13810524522(String), \upload\images\item\shop\32\2020061717295557402.jpg(String), 2020-06-17 17:29:54.377(Timestamp), 0(Integer), 审核中1(String), 3(Long), 10(Long), 32(Long)
2020-06-17 17:29:58.153 [main] DEBUG com.imooc.o2o.dao.ShopDao.updateShop -     <==    Updates: 1
2020-06-17 17:34:54.746 [main] DEBUG com.imooc.o2o.dao.ShopDao.insertShop -     ==>  Preparing: INSERT INTO tb_shop(owner_id,area_id,shop_category_id,parent_category_id, shop_name,shop_desc,shop_addr,phone,shop_img, longitude,latitude,create_time,last_edit_time, enable_status,advice) VALUES (?,?,?,?, ?,?,?,?,?, ?,?,?,?, ?,?) 
2020-06-17 17:34:54.812 [main] DEBUG com.imooc.o2o.dao.ShopDao.insertShop -     ==> Parameters: 8(Long), 3(Long), 10(Long), null, 测试店铺1(String), 测试店铺1(String), 测试地址1(String), 13810524522(String), null, null, null, 2020-06-17 17:34:54.715(Timestamp), 2020-06-17 17:34:54.715(Timestamp), 0(Integer), 审核中1(String)
2020-06-17 17:34:54.845 [main] DEBUG com.imooc.o2o.dao.ShopDao.insertShop -     <==    Updates: 1
2020-06-17 17:34:55.569 [main] DEBUG com.imooc.o2o.dao.ShopDao.updateShop -     ==>  Preparing: update tb_shop SET shop_name=?, shop_desc=?, shop_addr=?, phone=?, shop_img=?, last_edit_time=?, enable_status=?, advice=?, area_id=?, shop_category_id=? where shop_id=? 
2020-06-17 17:34:55.574 [main] DEBUG com.imooc.o2o.dao.ShopDao.updateShop -     ==> Parameters: 测试店铺1(String), 测试店铺1(String), 测试地址1(String), 13810524522(String), \upload\images\item\shop\33\2020061717345439434.jpg(String), 2020-06-17 17:34:54.715(Timestamp), 0(Integer), 审核中1(String), 3(Long), 10(Long), 33(Long)
2020-06-17 17:34:55.584 [main] DEBUG com.imooc.o2o.dao.ShopDao.updateShop -     <==    Updates: 1
2020-06-19 15:54:41.349 [main] DEBUG com.imooc.o2o.dao.ShopDao.insertShop -     ==>  Preparing: INSERT INTO tb_shop(owner_id,area_id,shop_category_id,parent_category_id, shop_name,shop_desc,shop_addr,phone,shop_img, longitude,latitude,create_time,last_edit_time, enable_status,advice) VALUES (?,?,?,?, ?,?,?,?,?, ?,?,?,?, ?,?) 
2020-06-19 15:54:41.561 [main] DEBUG com.imooc.o2o.dao.ShopDao.insertShop -     ==> Parameters: 8(Long), 3(Long), 10(Long), null, 测试店铺1(String), 测试店铺1(String), 测试地址1(String), 13810524522(String), null, null, null, 2020-06-19 15:54:41.215(Timestamp), 2020-06-19 15:54:41.215(Timestamp), 0(Integer), 审核中1(String)
2020-06-19 15:54:42.357 [main] DEBUG com.imooc.o2o.dao.ShopDao.insertShop -     <==    Updates: 1
2020-06-19 15:54:44.800 [main] DEBUG com.imooc.o2o.dao.ShopDao.updateShop -     ==>  Preparing: update tb_shop SET shop_name=?, shop_desc=?, shop_addr=?, phone=?, shop_img=?, last_edit_time=?, enable_status=?, advice=?, area_id=?, shop_category_id=? where shop_id=? 
2020-06-19 15:54:44.806 [main] DEBUG com.imooc.o2o.dao.ShopDao.updateShop -     ==> Parameters: 测试店铺1(String), 测试店铺1(String), 测试地址1(String), 13810524522(String), \upload\images\item\shop\34\2020061915544275252.jpg(String), 2020-06-19 15:54:41.215(Timestamp), 0(Integer), 审核中1(String), 3(Long), 10(Long), 34(Long)
2020-06-19 15:54:44.887 [main] DEBUG com.imooc.o2o.dao.ShopDao.updateShop -     <==    Updates: 1
2020-06-23 10:14:10.555 [main] DEBUG com.imooc.o2o.dao.ShopCategoryDao.queryShopCategory -     ==>  Preparing: SELECT shop_category_id, shop_category_name, shop_category_desc, shop_category_img, priority, create_time, last_edit_time, parent_id FROM tb_shop_category ORDER BY priority DESC 
2020-06-23 10:14:10.741 [main] DEBUG com.imooc.o2o.dao.ShopCategoryDao.queryShopCategory -     ==> Parameters: 
2020-06-23 10:14:10.827 [main] DEBUG com.imooc.o2o.dao.ShopCategoryDao.queryShopCategory -     <==      Total: 18
2020-06-23 10:15:29.004 [main] DEBUG com.imooc.o2o.dao.ShopCategoryDao.queryShopCategory -     ==>  Preparing: SELECT shop_category_id, shop_category_name, shop_category_desc, shop_category_img, priority, create_time, last_edit_time, parent_id FROM tb_shop_category ORDER BY priority DESC 
2020-06-23 10:15:29.045 [main] DEBUG com.imooc.o2o.dao.ShopCategoryDao.queryShopCategory -     ==> Parameters: 
2020-06-23 10:15:29.081 [main] DEBUG com.imooc.o2o.dao.ShopCategoryDao.queryShopCategory -     <==      Total: 18
2020-06-23 16:13:35.591 [main] DEBUG com.imooc.o2o.dao.ShopDao.insertShop -     ==>  Preparing: INSERT INTO tb_shop(owner_id,area_id,shop_category_id,parent_category_id, shop_name,shop_desc,shop_addr,phone,shop_img, longitude,latitude,create_time,last_edit_time, enable_status,advice) VALUES (?,?,?,?, ?,?,?,?,?, ?,?,?,?, ?,?) 
2020-06-23 16:13:35.741 [main] DEBUG com.imooc.o2o.dao.ShopDao.insertShop -     ==> Parameters: 8(Long), 3(Long), 10(Long), null, 测试店铺3(String), 测试店铺3(String), 测试地址3(String), 13810524522(String), null, null, null, 2020-06-23 16:13:35.521(Timestamp), 2020-06-23 16:13:35.521(Timestamp), 0(Integer), 审核中1(String)
2020-06-23 16:13:36.069 [main] DEBUG com.imooc.o2o.dao.ShopDao.insertShop -     <==    Updates: 1
2020-06-23 16:13:38.522 [main] DEBUG com.imooc.o2o.dao.ShopDao.updateShop -     ==>  Preparing: update tb_shop SET shop_name=?, shop_desc=?, shop_addr=?, phone=?, shop_img=?, last_edit_time=?, enable_status=?, advice=?, area_id=?, shop_category_id=? where shop_id=? 
2020-06-23 16:13:38.527 [main] DEBUG com.imooc.o2o.dao.ShopDao.updateShop -     ==> Parameters: 测试店铺3(String), 测试店铺3(String), 测试地址3(String), 13810524522(String), \upload\images\item\shop\35\2020062316133671355.jpg(String), 2020-06-23 16:13:35.521(Timestamp), 0(Integer), 审核中1(String), 3(Long), 10(Long), 35(Long)
2020-06-23 16:13:38.612 [main] DEBUG com.imooc.o2o.dao.ShopDao.updateShop -     <==    Updates: 1
2020-06-24 11:03:36.349 [main] DEBUG com.imooc.o2o.dao.ShopDao.queryByShopId -     ==>  Preparing: select s.shop_id, s.shop_name, s.shop_desc, s.shop_address, s.shop_phone, s.shop_img, s.priority, s.create_time, s.last_edit_time, s.enable_status, s.advice, a.area_id, a.area_name, sc.shop_category_id, sc.shop_category_name from shop s, area a, shop_category sc where s.area_id=a.area_id and s.shop_category_id = sc.shop_category_id and s.shop_id = ? 
2020-06-24 11:03:36.467 [main] DEBUG com.imooc.o2o.dao.ShopDao.queryByShopId -     ==> Parameters: 15(Long)
2020-06-24 11:03:36.539 [main] DEBUG com.imooc.o2o.dao.ShopDao.queryByShopId -     <==      Total: 0
2020-06-24 11:04:10.557 [main] DEBUG com.imooc.o2o.dao.ShopDao.queryByShopId -     ==>  Preparing: select s.shop_id, s.shop_name, s.shop_desc, s.shop_address, s.shop_phone, s.shop_img, s.priority, s.create_time, s.last_edit_time, s.enable_status, s.advice, a.area_id, a.area_name, sc.shop_category_id, sc.shop_category_name from shop s, area a, shop_category sc where s.area_id=a.area_id and s.shop_category_id = sc.shop_category_id and s.shop_id = ? 
2020-06-24 11:04:10.641 [main] DEBUG com.imooc.o2o.dao.ShopDao.queryByShopId -     ==> Parameters: 22(Long)
2020-06-24 11:04:10.685 [main] DEBUG com.imooc.o2o.dao.ShopDao.queryByShopId -     <==      Total: 1
2020-06-24 11:47:12.186 [main] DEBUG com.imooc.o2o.dao.ShopDao.queryByShopId -     ==>  Preparing: select s.shop_id, s.shop_name, s.shop_desc, s.shop_address, s.shop_phone, s.shop_img, s.priority, s.create_time, s.last_edit_time, s.enable_status, s.advice, a.area_id, a.area_name, sc.shop_category_id, sc.shop_category_name from shop s, area a, shop_category sc where s.area_id=a.area_id and s.shop_category_id = sc.shop_category_id and s.shop_id = ? 
2020-06-24 11:47:12.253 [main] DEBUG com.imooc.o2o.dao.ShopDao.queryByShopId -     ==> Parameters: 1(Long)
2020-06-24 11:47:12.281 [main] DEBUG com.imooc.o2o.dao.ShopDao.queryByShopId -     <==      Total: 0
2020-06-24 11:48:29.038 [main] DEBUG com.imooc.o2o.dao.ShopDao.queryByShopId -     ==>  Preparing: select s.shop_id, s.shop_name, s.shop_desc, s.shop_address, s.shop_phone, s.shop_img, s.priority, s.create_time, s.last_edit_time, s.enable_status, s.advice, a.area_id, a.area_name, sc.shop_category_id, sc.shop_category_name from shop s, area a, shop_category sc where s.area_id=a.area_id and s.shop_category_id = sc.shop_category_id and s.shop_id = ? 
2020-06-24 11:48:29.101 [main] DEBUG com.imooc.o2o.dao.ShopDao.queryByShopId -     ==> Parameters: 22(Long)
2020-06-24 11:48:29.131 [main] DEBUG com.imooc.o2o.dao.ShopDao.queryByShopId -     <==      Total: 1
2020-06-24 11:48:29.150 [main] DEBUG com.imooc.o2o.dao.ShopDao.queryByShopId -     ==>  Preparing: select s.shop_id, s.shop_name, s.shop_desc, s.shop_address, s.shop_phone, s.shop_img, s.priority, s.create_time, s.last_edit_time, s.enable_status, s.advice, a.area_id, a.area_name, sc.shop_category_id, sc.shop_category_name from shop s, area a, shop_category sc where s.area_id=a.area_id and s.shop_category_id = sc.shop_category_id and s.shop_id = ? 
2020-06-24 11:48:29.154 [main] DEBUG com.imooc.o2o.dao.ShopDao.queryByShopId -     ==> Parameters: 22(Long)
2020-06-24 11:48:29.161 [main] DEBUG com.imooc.o2o.dao.ShopDao.queryByShopId -     <==      Total: 1
2020-06-24 11:49:13.239 [main] DEBUG com.imooc.o2o.dao.ShopDao.queryByShopId -     ==>  Preparing: select s.shop_id, s.shop_name, s.shop_desc, s.shop_address, s.shop_phone, s.shop_img, s.priority, s.create_time, s.last_edit_time, s.enable_status, s.advice, a.area_id, a.area_name, sc.shop_category_id, sc.shop_category_name from shop s, area a, shop_category sc where s.area_id=a.area_id and s.shop_category_id = sc.shop_category_id and s.shop_id = ? 
2020-06-24 11:49:13.294 [main] DEBUG com.imooc.o2o.dao.ShopDao.queryByShopId -     ==> Parameters: 22(Long)
2020-06-24 11:49:13.327 [main] DEBUG com.imooc.o2o.dao.ShopDao.queryByShopId -     <==      Total: 1
2020-06-24 11:49:13.337 [main] DEBUG com.imooc.o2o.dao.ShopDao.queryByShopId -     ==>  Preparing: select s.shop_id, s.shop_name, s.shop_desc, s.shop_address, s.shop_phone, s.shop_img, s.priority, s.create_time, s.last_edit_time, s.enable_status, s.advice, a.area_id, a.area_name, sc.shop_category_id, sc.shop_category_name from shop s, area a, shop_category sc where s.area_id=a.area_id and s.shop_category_id = sc.shop_category_id and s.shop_id = ? 
2020-06-24 11:49:13.341 [main] DEBUG com.imooc.o2o.dao.ShopDao.queryByShopId -     ==> Parameters: 22(Long)
2020-06-24 11:49:13.347 [main] DEBUG com.imooc.o2o.dao.ShopDao.queryByShopId -     <==      Total: 1
2020-06-24 11:49:27.690 [main] DEBUG com.imooc.o2o.dao.ShopDao.queryByShopId -     ==>  Preparing: select s.shop_id, s.shop_name, s.shop_desc, s.shop_address, s.shop_phone, s.shop_img, s.priority, s.create_time, s.last_edit_time, s.enable_status, s.advice, a.area_id, a.area_name, sc.shop_category_id, sc.shop_category_name from shop s, area a, shop_category sc where s.area_id=a.area_id and s.shop_category_id = sc.shop_category_id and s.shop_id = ? 
2020-06-24 11:49:27.742 [main] DEBUG com.imooc.o2o.dao.ShopDao.queryByShopId -     ==> Parameters: 22(Long)
2020-06-24 11:49:27.782 [main] DEBUG com.imooc.o2o.dao.ShopDao.queryByShopId -     <==      Total: 1
2020-06-24 11:49:32.990 [main] DEBUG com.imooc.o2o.dao.ShopDao.queryByShopId -     ==>  Preparing: select s.shop_id, s.shop_name, s.shop_desc, s.shop_address, s.shop_phone, s.shop_img, s.priority, s.create_time, s.last_edit_time, s.enable_status, s.advice, a.area_id, a.area_name, sc.shop_category_id, sc.shop_category_name from shop s, area a, shop_category sc where s.area_id=a.area_id and s.shop_category_id = sc.shop_category_id and s.shop_id = ? 
2020-06-24 11:49:32.997 [main] DEBUG com.imooc.o2o.dao.ShopDao.queryByShopId -     ==> Parameters: 22(Long)
2020-06-24 11:49:33.014 [main] DEBUG com.imooc.o2o.dao.ShopDao.queryByShopId -     <==      Total: 1
2020-06-24 11:54:43.285 [main] DEBUG com.imooc.o2o.dao.ShopDao.queryByShopId -     ==>  Preparing: select s.shop_id, s.shop_name, s.shop_desc, s.shop_address, s.shop_phone, s.shop_img, s.priority, s.create_time, s.last_edit_time, s.enable_status, s.advice, a.area_id, a.area_name, sc.shop_category_id, sc.shop_category_name from shop s, area a, shop_category sc where s.area_id=a.area_id and s.shop_category_id = sc.shop_category_id and s.shop_id = ? 
2020-06-24 11:54:43.336 [main] DEBUG com.imooc.o2o.dao.ShopDao.queryByShopId -     ==> Parameters: 22(Long)
2020-06-24 11:54:43.368 [main] DEBUG com.imooc.o2o.dao.ShopDao.queryByShopId -     <==      Total: 1
2020-06-24 11:54:43.379 [main] DEBUG com.imooc.o2o.dao.ShopDao.queryByShopId -     ==>  Preparing: select s.shop_id, s.shop_name, s.shop_desc, s.shop_address, s.shop_phone, s.shop_img, s.priority, s.create_time, s.last_edit_time, s.enable_status, s.advice, a.area_id, a.area_name, sc.shop_category_id, sc.shop_category_name from shop s, area a, shop_category sc where s.area_id=a.area_id and s.shop_category_id = sc.shop_category_id and s.shop_id = ? 
2020-06-24 11:54:43.383 [main] DEBUG com.imooc.o2o.dao.ShopDao.queryByShopId -     ==> Parameters: 22(Long)
2020-06-24 11:54:43.389 [main] DEBUG com.imooc.o2o.dao.ShopDao.queryByShopId -     <==      Total: 1
2020-06-24 11:54:45.667 [main] DEBUG com.imooc.o2o.dao.ShopDao.updateShop -     ==>  Preparing: update shop SET shop_name=?, shop_desc=?, shop_address=?, shop_phone=?, shop_img=?, priority=?, advice=?, enable_status=?, create_time=?, last_edit_time=?, shop_category_id=?, area_id=? where shop_id=? 
2020-06-24 11:54:45.680 [main] DEBUG com.imooc.o2o.dao.ShopDao.updateShop -     ==> Parameters: 海贼王(String), 为广大情侣提供舒心的约会环境(String), 爱联A区(String), 13149004370(String), \upload\images\item\shop\22\2020062411544315119.jpg(String), 98(Integer), 审核通过(String), 1(Integer), 2019-10-11 17:29:49.0(Timestamp), 2020-06-24 11:54:45.602(Timestamp), 7(Long), 1(Integer), 22(Long)
2020-06-24 11:54:45.735 [main] DEBUG com.imooc.o2o.dao.ShopDao.updateShop -     <==    Updates: 1
2020-06-24 11:54:45.739 [main] DEBUG com.imooc.o2o.dao.ShopDao.queryByShopId -     ==>  Preparing: select s.shop_id, s.shop_name, s.shop_desc, s.shop_address, s.shop_phone, s.shop_img, s.priority, s.create_time, s.last_edit_time, s.enable_status, s.advice, a.area_id, a.area_name, sc.shop_category_id, sc.shop_category_name from shop s, area a, shop_category sc where s.area_id=a.area_id and s.shop_category_id = sc.shop_category_id and s.shop_id = ? 
2020-06-24 11:54:45.742 [main] DEBUG com.imooc.o2o.dao.ShopDao.queryByShopId -     ==> Parameters: 22(Long)
2020-06-24 11:54:45.749 [main] DEBUG com.imooc.o2o.dao.ShopDao.queryByShopId -     <==      Total: 1
2020-06-29 11:10:35.647 [main] DEBUG com.imooc.o2o.dao.ShopDao.queryShopList -     ==>  Preparing: select s.shop_id, s.shop_name, s.shop_desc, s.shop_address, s.shop_phone, s.shop_img, s.priority, s.create_time, s.last_edit_time, s.enable_status, s.advice, a.area_id, a.area_name, sc.shop_category_id, sc.shop_category_name from shop s, area a, shop_category sc WHERE s.owner_id = ? and s.area_id = a.area_id and s.shop_category_id = sc.shop_category_id order by s.priority desc limit ?,? 
2020-06-29 11:10:35.767 [main] DEBUG com.imooc.o2o.dao.ShopDao.queryShopList -     ==> Parameters: 1(Long), 0(Integer), 5(Integer)
2020-06-29 11:10:36.061 [main] DEBUG com.imooc.o2o.dao.ShopDao.queryShopList -     <==      Total: 5
2020-06-29 11:10:36.120 [main] DEBUG com.imooc.o2o.dao.ShopDao.queryShopCount -     ==>  Preparing: select count(1) from shop s, area a, shop_category sc WHERE s.owner_id = ? and s.area_id = a.area_id and s.shop_category_id = sc.shop_category_id 
2020-06-29 11:10:36.124 [main] DEBUG com.imooc.o2o.dao.ShopDao.queryShopCount -     ==> Parameters: 1(Long)
2020-06-29 11:10:36.199 [main] DEBUG com.imooc.o2o.dao.ShopDao.queryShopCount -     <==      Total: 1
2020-06-29 11:30:41.047 [main] DEBUG com.imooc.o2o.dao.ShopDao.queryShopList -     ==>  Preparing: select s.shop_id, s.shop_name, s.shop_desc, s.shop_address, s.shop_phone, s.shop_img, s.priority, s.create_time, s.last_edit_time, s.enable_status, s.advice, a.area_id, a.area_name, sc.shop_category_id, sc.shop_category_name from shop s, area a, shop_category sc WHERE s.shop_category_id = ? and s.owner_id = ? and s.area_id = a.area_id and s.shop_category_id = sc.shop_category_id order by s.priority desc limit ?,? 
2020-06-29 11:30:41.094 [main] DEBUG com.imooc.o2o.dao.ShopDao.queryShopList -     ==> Parameters: 12(Long), 1(Long), 0(Integer), 2(Integer)
2020-06-29 11:30:41.137 [main] DEBUG com.imooc.o2o.dao.ShopDao.queryShopList -     <==      Total: 2
2020-06-29 11:30:41.148 [main] DEBUG com.imooc.o2o.dao.ShopDao.queryShopCount -     ==>  Preparing: select count(1) from shop s, area a, shop_category sc WHERE s.shop_category_id = ? and s.owner_id = ? and s.area_id = a.area_id and s.shop_category_id = sc.shop_category_id 
2020-06-29 11:30:41.153 [main] DEBUG com.imooc.o2o.dao.ShopDao.queryShopCount -     ==> Parameters: 12(Long), 1(Long)
2020-06-29 11:30:41.197 [main] DEBUG com.imooc.o2o.dao.ShopDao.queryShopCount -     <==      Total: 1
2020-06-30 10:32:27.378 [main] DEBUG c.i.o2o.dao.ProductCategoryDao.queryProductCategoryList -     ==>  Preparing: select product_category_id, product_category_name, priority, create_time, shop_id from product_category where shop_id = ? order by priority desc 
2020-06-30 10:32:27.509 [main] DEBUG c.i.o2o.dao.ProductCategoryDao.queryProductCategoryList -     ==> Parameters: 23(Long)
2020-06-30 10:32:27.680 [main] DEBUG c.i.o2o.dao.ProductCategoryDao.queryProductCategoryList -     <==      Total: 6
2020-06-30 11:28:07.585 [main] DEBUG c.i.o.dao.ProductCategoryDao.batchInsertProductCategory -     ==>  Preparing: insert into product_category(product_category_name,priority,create_time,shop_id) values ( ?, ?, ?, ? ) , ( ?, ?, ?, ? ) 
2020-06-30 11:28:07.681 [main] DEBUG c.i.o.dao.ProductCategoryDao.batchInsertProductCategory -     ==> Parameters: test1(String), 1(Integer), 2020-06-30 11:28:06.849(Timestamp), 36(Long), test2(String), 2(Integer), 2020-06-30 11:28:06.849(Timestamp), 36(Long)
2020-06-30 11:28:07.874 [main] DEBUG c.i.o.dao.ProductCategoryDao.batchInsertProductCategory -     <==    Updates: 2
2020-06-30 15:56:28.338 [main] DEBUG c.i.o2o.dao.ProductCategoryDao.queryProductCategoryList -     ==>  Preparing: select product_category_id, product_category_name, priority, create_time, shop_id from product_category where shop_id = ? order by priority desc 
2020-06-30 15:56:28.579 [main] DEBUG c.i.o2o.dao.ProductCategoryDao.queryProductCategoryList -     ==> Parameters: 36(Long)
2020-06-30 15:56:28.662 [main] DEBUG c.i.o2o.dao.ProductCategoryDao.queryProductCategoryList -     <==      Total: 4
2020-06-30 15:56:28.702 [main] DEBUG c.i.o2o.dao.ProductCategoryDao.deleteProductCategory -     ==>  Preparing: delete from product_category where product_category_id = ? and shop_id = ? 
2020-06-30 15:56:28.706 [main] DEBUG c.i.o2o.dao.ProductCategoryDao.deleteProductCategory -     ==> Parameters: 43(Long), 36(Long)
2020-06-30 15:56:28.927 [main] DEBUG c.i.o2o.dao.ProductCategoryDao.deleteProductCategory -     <==    Updates: 1
2020-06-30 15:56:28.932 [main] DEBUG c.i.o2o.dao.ProductCategoryDao.deleteProductCategory -     ==>  Preparing: delete from product_category where product_category_id = ? and shop_id = ? 
2020-06-30 15:56:28.936 [main] DEBUG c.i.o2o.dao.ProductCategoryDao.deleteProductCategory -     ==> Parameters: 42(Long), 36(Long)
2020-06-30 15:56:28.955 [main] DEBUG c.i.o2o.dao.ProductCategoryDao.deleteProductCategory -     <==    Updates: 1
2020-07-02 10:30:39.942 [main] DEBUG com.imooc.o2o.dao.ProductDao.insertProduct -     ==>  Preparing: insert into product ( product_name, product_desc, img_address, normal_price, promotion_price, priority, enable_status, create_time, last_edit_time, product_category_id, shop_id ) values ( ?, ?, ?, ?, ?, ?, ?, ?, ?, ?, ? ) 
2020-07-02 10:30:40.115 [main] DEBUG com.imooc.o2o.dao.ProductDao.insertProduct -     ==> Parameters: 招牌自制鱼粉(String), null, null, null, null, 100(Integer), 1(Integer), 2020-07-02 10:30:38.58(Timestamp), null, 16(Long), 23(Long)
2020-07-02 10:30:40.295 [main] DEBUG com.imooc.o2o.dao.ProductDao.insertProduct -     <==    Updates: 1
2020-07-02 10:36:59.558 [main] DEBUG com.imooc.o2o.dao.ProductImgDao.batchInsertProductImg -     ==>  Preparing: insert into product_img ( product_detail_img, img_desc, priority, create_time, product_id ) values ( ?, ?, ?, ?, ? ) , ( ?, ?, ?, ?, ? ) 
2020-07-02 10:36:59.623 [main] DEBUG com.imooc.o2o.dao.ProductImgDao.batchInsertProductImg -     ==> Parameters: 图片1(String), 测试图片(String), 1(Integer), 2020-07-02 10:36:58.983(Timestamp), 25(Long), 图片2(String), 测试图片(String), 1(Integer), 2020-07-02 10:36:58.983(Timestamp), 25(Long)
2020-07-02 10:36:59.749 [main] DEBUG com.imooc.o2o.dao.ProductImgDao.batchInsertProductImg -     <==    Updates: 2
2020-07-02 11:56:39.916 [main] DEBUG com.imooc.o2o.dao.ProductDao.insertProduct -     ==>  Preparing: insert into product ( product_name, product_desc, img_address, normal_price, promotion_price, priority, enable_status, create_time, last_edit_time, product_category_id, shop_id ) values ( ?, ?, ?, ?, ?, ?, ?, ?, ?, ?, ? ) 
2020-07-02 11:56:40.028 [main] DEBUG com.imooc.o2o.dao.ProductDao.insertProduct -     ==> Parameters: 自制五谷鱼粉(String), ~好吃~(String), /upload/shop/23/2020070211563790381.jpg(String), 20.0(Double), 18.0(Double), 100(Integer), 1(Integer), 2020-07-02 11:56:37.501(Timestamp), 2020-07-02 11:56:36.635(Timestamp), 18(Long), 23(Long)
2020-07-02 11:56:40.125 [main] DEBUG com.imooc.o2o.dao.ProductDao.insertProduct -     <==    Updates: 1
2020-07-02 11:56:41.290 [main] DEBUG com.imooc.o2o.dao.ProductImgDao.batchInsertProductImg -     ==>  Preparing: insert into product_img ( product_detail_img, img_desc, priority, create_time, product_id ) values ( ?, ?, ?, ?, ? ) , ( ?, ?, ?, ?, ? ) 
2020-07-02 11:56:41.296 [main] DEBUG com.imooc.o2o.dao.ProductImgDao.batchInsertProductImg -     ==> Parameters: /upload/shop/23/2020070211564085669.jpg(String), null, null, 2020-07-02 11:56:40.733(Timestamp), 26(Long), /upload/shop/23/2020070211564081830.jpg(String), null, null, 2020-07-02 11:56:41.215(Timestamp), 26(Long)
2020-07-02 11:56:41.318 [main] DEBUG com.imooc.o2o.dao.ProductImgDao.batchInsertProductImg -     <==    Updates: 2
2020-07-06 16:30:05.708 [main] DEBUG com.imooc.o2o.dao.ShopDao.queryShopList -     ==>  Preparing: select s.shop_id, s.shop_name, s.shop_desc, s.shop_address, s.shop_phone, s.shop_img, s.priority, s.create_time, s.last_edit_time, s.enable_status, s.advice, a.area_id, a.area_name, sc.shop_category_id, sc.shop_category_name from shop s, area a, shop_category sc WHERE s.area_id = a.area_id and s.shop_category_id = sc.shop_category_id order by s.priority desc limit ?,? 
2020-07-06 16:30:05.812 [main] DEBUG com.imooc.o2o.dao.ShopDao.queryShopList -     ==> Parameters: 0(Integer), 5(Integer)
2020-07-06 16:33:16.235 [main] DEBUG com.imooc.o2o.dao.ShopDao.queryShopList -     ==>  Preparing: select s.shop_id, s.shop_name, s.shop_desc, s.shop_address, s.shop_phone, s.shop_img, s.priority, s.create_time, s.last_edit_time, s.enable_status, s.advice, a.area_id, a.area_name, sc.shop_category_id, sc.shop_category_name from shop s, area a, shop_category sc WHERE s.area_id = a.area_id and s.shop_category_id = sc.shop_category_id order by s.priority desc limit ?,? 
2020-07-06 16:33:16.292 [main] DEBUG com.imooc.o2o.dao.ShopDao.queryShopList -     ==> Parameters: 0(Integer), 5(Integer)
2020-07-06 16:33:16.321 [main] DEBUG com.imooc.o2o.dao.ShopDao.queryShopList -     <==      Total: 5
2020-07-06 16:33:16.348 [main] DEBUG com.imooc.o2o.dao.ShopDao.queryShopCount -     ==>  Preparing: select count(1) from shop s, area a, shop_category sc WHERE s.area_id = a.area_id and s.shop_category_id = sc.shop_category_id 
2020-07-06 16:33:16.352 [main] DEBUG com.imooc.o2o.dao.ShopDao.queryShopCount -     ==> Parameters: 
2020-07-06 16:33:16.406 [main] DEBUG com.imooc.o2o.dao.ShopDao.queryShopCount -     <==      Total: 1
2020-09-13 11:06:09.261 [main] DEBUG com.imooc.o2o.dao.AreaDao.getAreaList -     ==>  Preparing: select *from area order by priority desc 
2020-09-13 11:06:09.802 [main] DEBUG com.imooc.o2o.dao.AreaDao.getAreaList -     ==> Parameters: 
2020-09-13 11:06:10.200 [main] DEBUG com.imooc.o2o.dao.AreaDao.getAreaList -     <==      Total: 3
2020-09-13 11:42:34.575 [main] DEBUG com.imooc.o2o.dao.AreaDao.getAreaList -     ==>  Preparing: select *from area order by priority desc 
2020-09-13 11:42:34.999 [main] DEBUG com.imooc.o2o.dao.AreaDao.getAreaList -     ==> Parameters: 
2020-09-13 11:42:35.391 [main] DEBUG com.imooc.o2o.dao.AreaDao.getAreaList -     <==      Total: 3
2020-09-13 11:43:26.288 [main] DEBUG com.imooc.o2o.dao.AreaDao.getAreaList -     ==>  Preparing: select *from area order by priority desc 
2020-09-13 11:43:26.707 [main] DEBUG com.imooc.o2o.dao.AreaDao.getAreaList -     ==> Parameters: 
2020-09-13 11:43:27.006 [main] DEBUG com.imooc.o2o.dao.AreaDao.getAreaList -     <==      Total: 3
